{
  "stats": {
    "suites": 1,
    "tests": 13,
    "passes": 12,
    "pending": 0,
    "failures": 1,
    "start": "2020-01-09T12:05:17.472Z",
    "end": "2020-01-09T12:05:51.612Z",
    "duration": 34140,
    "testsRegistered": 13,
    "passPercent": 92.3076923076923,
    "pendingPercent": 0,
    "other": 0,
    "hasOther": false,
    "skipped": 0,
    "hasSkipped": false
  },
  "results": [
    {
      "uuid": "15d97563-4530-4fe2-ac79-7aecc793c4c2",
      "title": "",
      "fullFile": "",
      "file": "",
      "beforeHooks": [],
      "afterHooks": [],
      "tests": [],
      "suites": [
        {
          "uuid": "e95a91a7-970b-4dd4-955d-5a6d73158203",
          "title": "bbt actions",
          "fullFile": "",
          "file": "",
          "beforeHooks": [],
          "afterHooks": [],
          "tests": [
            {
              "title": "should enter postcode and click checkNow",
              "fullTitle": "bbt actions should enter postcode and click checkNow",
              "timedOut": null,
              "duration": 6417,
              "state": "passed",
              "speed": "slow",
              "pass": true,
              "fail": false,
              "pending": false,
              "context": null,
              "code": "(0, _bbtActions.postcode)('BR32DJ');",
              "err": {},
              "uuid": "5d2dc52b-f1cb-4972-a0fa-337516ca3180",
              "parentUUID": "e95a91a7-970b-4dd4-955d-5a6d73158203",
              "isHook": false,
              "skipped": false
            },
            {
              "title": "should select address and continue",
              "fullTitle": "bbt actions should select address and continue",
              "timedOut": null,
              "duration": 885,
              "state": "passed",
              "speed": "slow",
              "pass": true,
              "fail": false,
              "pending": false,
              "context": null,
              "code": "(0, _bbtActions.selectAddress)();",
              "err": {},
              "uuid": "2baa7495-46bf-4ed1-a777-72e089fb7850",
              "parentUUID": "e95a91a7-970b-4dd4-955d-5a6d73158203",
              "isHook": false,
              "skipped": false
            },
            {
              "title": "should select address status",
              "fullTitle": "bbt actions should select address status",
              "timedOut": null,
              "duration": 4556,
              "state": "failed",
              "speed": null,
              "pass": false,
              "fail": true,
              "pending": false,
              "context": null,
              "code": "(0, _bbtActions.customerAddressStatus)();",
              "err": {
                "message": "CypressError: Timed out retrying: Expected to find element: ':nth-child(2) > .c-form-checkbox__caption', but never found it.",
                "estack": "CypressError: Timed out retrying: Expected to find element: ':nth-child(2) > .c-form-checkbox__caption', but never found it.\n    at Object.cypressErr (https://pages-apps-e02.cf.dev-paas.bskyb.com/__cypress/runner/cypress_runner.js:106136:11)\n    at Object.throwErr (https://pages-apps-e02.cf.dev-paas.bskyb.com/__cypress/runner/cypress_runner.js:106091:18)\n    at Object.throwErrByPath (https://pages-apps-e02.cf.dev-paas.bskyb.com/__cypress/runner/cypress_runner.js:106123:17)\n    at retry (https://pages-apps-e02.cf.dev-paas.bskyb.com/__cypress/runner/cypress_runner.js:96804:16)\n    at onFailFn (https://pages-apps-e02.cf.dev-paas.bskyb.com/__cypress/runner/cypress_runner.js:85633:16)\n    at tryCatcher (https://pages-apps-e02.cf.dev-paas.bskyb.com/__cypress/runner/cypress_runner.js:140400:23)\n    at Promise._settlePromiseFromHandler (https://pages-apps-e02.cf.dev-paas.bskyb.com/__cypress/runner/cypress_runner.js:138336:31)\n    at Promise._settlePromise (https://pages-apps-e02.cf.dev-paas.bskyb.com/__cypress/runner/cypress_runner.js:138393:18)\n    at Promise._settlePromise0 (https://pages-apps-e02.cf.dev-paas.bskyb.com/__cypress/runner/cypress_runner.js:138438:10)\n    at Promise._settlePromises (https://pages-apps-e02.cf.dev-paas.bskyb.com/__cypress/runner/cypress_runner.js:138513:18)\n    at Async../node_modules/bluebird/js/release/async.js.Async._drainQueue (https://pages-apps-e02.cf.dev-paas.bskyb.com/__cypress/runner/cypress_runner.js:135125:16)\n    at Async../node_modules/bluebird/js/release/async.js.Async._drainQueues (https://pages-apps-e02.cf.dev-paas.bskyb.com/__cypress/runner/cypress_runner.js:135135:10)\n    at Async.drainQueues (https://pages-apps-e02.cf.dev-paas.bskyb.com/__cypress/runner/cypress_runner.js:135009:14)",
                "diff": null
              },
              "uuid": "e6234a73-2e99-448c-9e43-cbc0f28bf67d",
              "parentUUID": "e95a91a7-970b-4dd4-955d-5a6d73158203",
              "isHook": false,
              "skipped": false
            },
            {
              "title": "validate the superfast product card",
              "fullTitle": "bbt actions validate the superfast product card",
              "timedOut": null,
              "duration": 100,
              "state": "passed",
              "speed": "slow",
              "pass": true,
              "fail": false,
              "pending": false,
              "context": null,
              "code": "(0, _bbtActions.validateSuperfastCard)();",
              "err": {},
              "uuid": "1737973d-e9f9-4d6e-8bc4-21fdfc793e82",
              "parentUUID": "e95a91a7-970b-4dd4-955d-5a6d73158203",
              "isHook": false,
              "skipped": false
            },
            {
              "title": "validate the superfast product card",
              "fullTitle": "bbt actions validate the superfast product card",
              "timedOut": null,
              "duration": 121,
              "state": "passed",
              "speed": "slow",
              "pass": true,
              "fail": false,
              "pending": false,
              "context": null,
              "code": "(0, _bbtActions.addBBTProductToBasket)();",
              "err": {},
              "uuid": "b05fc165-011f-48f6-8b96-782a1303b7d6",
              "parentUUID": "e95a91a7-970b-4dd4-955d-5a6d73158203",
              "isHook": false,
              "skipped": false
            },
            {
              "title": "validate the boost product card",
              "fullTitle": "bbt actions validate the boost product card",
              "timedOut": null,
              "duration": 3107,
              "state": "passed",
              "speed": "slow",
              "pass": true,
              "fail": false,
              "pending": false,
              "context": null,
              "code": "(0, _bbtActions.validateBoostCard)();",
              "err": {},
              "uuid": "265f3c13-fe05-4fd1-b420-7ea0c193145a",
              "parentUUID": "e95a91a7-970b-4dd4-955d-5a6d73158203",
              "isHook": false,
              "skipped": false
            },
            {
              "title": "validate the talk product card",
              "fullTitle": "bbt actions validate the talk product card",
              "timedOut": null,
              "duration": 260,
              "state": "passed",
              "speed": "slow",
              "pass": true,
              "fail": false,
              "pending": false,
              "context": null,
              "code": "(0, _bbtActions.validateTalkProducts)();",
              "err": {},
              "uuid": "88484e41-afbc-4141-aef3-84e826087fd2",
              "parentUUID": "e95a91a7-970b-4dd4-955d-5a6d73158203",
              "isHook": false,
              "skipped": false
            },
            {
              "title": "navigate to order summary page",
              "fullTitle": "bbt actions navigate to order summary page",
              "timedOut": null,
              "duration": 150,
              "state": "passed",
              "speed": "slow",
              "pass": true,
              "fail": false,
              "pending": false,
              "context": null,
              "code": "(0, _bbtActions.pageNavigationCheckout)();",
              "err": {},
              "uuid": "42dfeca1-3b4e-4813-85db-127c2b31ca3e",
              "parentUUID": "e95a91a7-970b-4dd4-955d-5a6d73158203",
              "isHook": false,
              "skipped": false
            },
            {
              "title": "should enter customer details",
              "fullTitle": "bbt actions should enter customer details",
              "timedOut": null,
              "duration": 2858,
              "state": "passed",
              "speed": "slow",
              "pass": true,
              "fail": false,
              "pending": false,
              "context": null,
              "code": "(0, _bbtActions.fillCustomerDetails)('Rowan', 'Atkinson', '01-01-1970', '01234567890', 'rowan@sky.com');",
              "err": {},
              "uuid": "74b5eeda-f38c-4775-ac48-31f12f4b12fc",
              "parentUUID": "e95a91a7-970b-4dd4-955d-5a6d73158203",
              "isHook": false,
              "skipped": false
            },
            {
              "title": "should enter additional details",
              "fullTitle": "bbt actions should enter additional details",
              "timedOut": null,
              "duration": 4865,
              "state": "passed",
              "speed": "slow",
              "pass": true,
              "fail": false,
              "pending": false,
              "context": null,
              "code": "(0, _bbtActions.fillAdditionalDetails)();",
              "err": {},
              "uuid": "1aea7d70-8f52-4349-bb6f-6fd554ad5ece",
              "parentUUID": "e95a91a7-970b-4dd4-955d-5a6d73158203",
              "isHook": false,
              "skipped": false
            },
            {
              "title": "verify line items from order summary page",
              "fullTitle": "bbt actions verify line items from order summary page",
              "timedOut": null,
              "duration": 3956,
              "state": "passed",
              "speed": "slow",
              "pass": true,
              "fail": false,
              "pending": false,
              "context": null,
              "code": "(0, _bbtActions.validateOrderSummaryPage)();",
              "err": {},
              "uuid": "40bc3a27-cd61-4984-a1d1-3755b90fa5a0",
              "parentUUID": "e95a91a7-970b-4dd4-955d-5a6d73158203",
              "isHook": false,
              "skipped": false
            },
            {
              "title": "enter payment details and confirm the order",
              "fullTitle": "bbt actions enter payment details and confirm the order",
              "timedOut": null,
              "duration": 4514,
              "state": "passed",
              "speed": "slow",
              "pass": true,
              "fail": false,
              "pending": false,
              "context": null,
              "code": "(0, _bbtActions.enterPaymentDetails)();",
              "err": {},
              "uuid": "fa39e3e1-e42c-475a-83b5-a3305283bb0f",
              "parentUUID": "e95a91a7-970b-4dd4-955d-5a6d73158203",
              "isHook": false,
              "skipped": false
            },
            {
              "title": "verify order confirmation page",
              "fullTitle": "bbt actions verify order confirmation page",
              "timedOut": null,
              "duration": 49,
              "state": "passed",
              "speed": "medium",
              "pass": true,
              "fail": false,
              "pending": false,
              "context": null,
              "code": "(0, _bbtActions.validateOrderConfirmation)();",
              "err": {},
              "uuid": "0da03a1d-b7bd-4b59-b7c2-32a169aa1e2d",
              "parentUUID": "e95a91a7-970b-4dd4-955d-5a6d73158203",
              "isHook": false,
              "skipped": false
            }
          ],
          "suites": [],
          "passes": [
            "5d2dc52b-f1cb-4972-a0fa-337516ca3180",
            "2baa7495-46bf-4ed1-a777-72e089fb7850",
            "1737973d-e9f9-4d6e-8bc4-21fdfc793e82",
            "b05fc165-011f-48f6-8b96-782a1303b7d6",
            "265f3c13-fe05-4fd1-b420-7ea0c193145a",
            "88484e41-afbc-4141-aef3-84e826087fd2",
            "42dfeca1-3b4e-4813-85db-127c2b31ca3e",
            "74b5eeda-f38c-4775-ac48-31f12f4b12fc",
            "1aea7d70-8f52-4349-bb6f-6fd554ad5ece",
            "40bc3a27-cd61-4984-a1d1-3755b90fa5a0",
            "fa39e3e1-e42c-475a-83b5-a3305283bb0f",
            "0da03a1d-b7bd-4b59-b7c2-32a169aa1e2d"
          ],
          "failures": [
            "e6234a73-2e99-448c-9e43-cbc0f28bf67d"
          ],
          "pending": [],
          "skipped": [],
          "duration": 31838,
          "root": false,
          "rootEmpty": false,
          "_timeout": 2000
        }
      ],
      "passes": [],
      "failures": [],
      "pending": [],
      "skipped": [],
      "duration": 0,
      "root": true,
      "rootEmpty": true,
      "_timeout": 2000
    }
  ],
  "meta": {
    "mocha": {
      "version": "5.2.0"
    },
    "mochawesome": {
      "options": {
        "quiet": false,
        "reportFilename": "mochawesome",
        "saveHtml": true,
        "saveJson": true,
        "consoleReporter": "spec",
        "useInlineDiffs": false
      },
      "version": "4.1.0"
    },
    "marge": {
      "options": {
        "reportDir": "cypress/report/mochawesome-report",
        "overwrite": false,
        "html": true,
        "json": true,
        "timestamp": "mmddyyyy_HHMMss"
      },
      "version": "4.1.0"
    }
  }
}