{
  "stats": {
    "suites": 1,
    "tests": 13,
    "passes": 12,
    "pending": 0,
    "failures": 1,
    "start": "2020-01-09T11:43:08.949Z",
    "end": "2020-01-09T11:43:42.602Z",
    "duration": 33653,
    "testsRegistered": 13,
    "passPercent": 92.3076923076923,
    "pendingPercent": 0,
    "other": 0,
    "hasOther": false,
    "skipped": 0,
    "hasSkipped": false
  },
  "results": [
    {
      "uuid": "01db1a9c-951d-411d-a606-caa25f6acfc8",
      "title": "",
      "fullFile": "",
      "file": "",
      "beforeHooks": [],
      "afterHooks": [],
      "tests": [],
      "suites": [
        {
          "uuid": "bcaca3f0-61bd-4f16-bb4f-3becdf8b699a",
          "title": "bbt actions",
          "fullFile": "",
          "file": "",
          "beforeHooks": [],
          "afterHooks": [],
          "tests": [
            {
              "title": "should enter postcode and click checkNow",
              "fullTitle": "bbt actions should enter postcode and click checkNow",
              "timedOut": null,
              "duration": 6243,
              "state": "passed",
              "speed": "slow",
              "pass": true,
              "fail": false,
              "pending": false,
              "context": null,
              "code": "(0, _bbtActions.postcode)('BR32DJ');",
              "err": {},
              "uuid": "cc0421df-aa6d-4bcc-9f7b-79f452c5ed9a",
              "parentUUID": "bcaca3f0-61bd-4f16-bb4f-3becdf8b699a",
              "isHook": false,
              "skipped": false
            },
            {
              "title": "should select address and continue",
              "fullTitle": "bbt actions should select address and continue",
              "timedOut": null,
              "duration": 972,
              "state": "passed",
              "speed": "slow",
              "pass": true,
              "fail": false,
              "pending": false,
              "context": null,
              "code": "(0, _bbtActions.selectAddress)();",
              "err": {},
              "uuid": "74f48e85-8bf0-4fa9-a6af-9e662c0c8220",
              "parentUUID": "bcaca3f0-61bd-4f16-bb4f-3becdf8b699a",
              "isHook": false,
              "skipped": false
            },
            {
              "title": "should select address status",
              "fullTitle": "bbt actions should select address status",
              "timedOut": null,
              "duration": 5555,
              "state": "failed",
              "speed": null,
              "pass": false,
              "fail": true,
              "pending": false,
              "context": null,
              "code": "(0, _bbtActions.customerAddressStatus)();",
              "err": {
                "message": "CypressError: Timed out retrying: Expected to find element: ':nth-child(2) > .c-form-checkbox__caption', but never found it.",
                "estack": "CypressError: Timed out retrying: Expected to find element: ':nth-child(2) > .c-form-checkbox__caption', but never found it.\n    at Object.cypressErr (https://pages-apps-e02.cf.dev-paas.bskyb.com/__cypress/runner/cypress_runner.js:106136:11)\n    at Object.throwErr (https://pages-apps-e02.cf.dev-paas.bskyb.com/__cypress/runner/cypress_runner.js:106091:18)\n    at Object.throwErrByPath (https://pages-apps-e02.cf.dev-paas.bskyb.com/__cypress/runner/cypress_runner.js:106123:17)\n    at retry (https://pages-apps-e02.cf.dev-paas.bskyb.com/__cypress/runner/cypress_runner.js:96804:16)\n    at onFailFn (https://pages-apps-e02.cf.dev-paas.bskyb.com/__cypress/runner/cypress_runner.js:85633:16)\n    at tryCatcher (https://pages-apps-e02.cf.dev-paas.bskyb.com/__cypress/runner/cypress_runner.js:140400:23)\n    at Promise._settlePromiseFromHandler (https://pages-apps-e02.cf.dev-paas.bskyb.com/__cypress/runner/cypress_runner.js:138336:31)\n    at Promise._settlePromise (https://pages-apps-e02.cf.dev-paas.bskyb.com/__cypress/runner/cypress_runner.js:138393:18)\n    at Promise._settlePromise0 (https://pages-apps-e02.cf.dev-paas.bskyb.com/__cypress/runner/cypress_runner.js:138438:10)\n    at Promise._settlePromises (https://pages-apps-e02.cf.dev-paas.bskyb.com/__cypress/runner/cypress_runner.js:138513:18)\n    at Async../node_modules/bluebird/js/release/async.js.Async._drainQueue (https://pages-apps-e02.cf.dev-paas.bskyb.com/__cypress/runner/cypress_runner.js:135125:16)\n    at Async../node_modules/bluebird/js/release/async.js.Async._drainQueues (https://pages-apps-e02.cf.dev-paas.bskyb.com/__cypress/runner/cypress_runner.js:135135:10)\n    at Async.drainQueues (https://pages-apps-e02.cf.dev-paas.bskyb.com/__cypress/runner/cypress_runner.js:135009:14)",
                "diff": null
              },
              "uuid": "72b02586-b3c3-4aff-9e8f-c0cbe1a9b84b",
              "parentUUID": "bcaca3f0-61bd-4f16-bb4f-3becdf8b699a",
              "isHook": false,
              "skipped": false
            },
            {
              "title": "validate the superfast product card",
              "fullTitle": "bbt actions validate the superfast product card",
              "timedOut": null,
              "duration": 120,
              "state": "passed",
              "speed": "slow",
              "pass": true,
              "fail": false,
              "pending": false,
              "context": null,
              "code": "(0, _bbtActions.validateSuperfastCard)();",
              "err": {},
              "uuid": "5e8d9c65-79fd-4078-ba20-0b6f50731086",
              "parentUUID": "bcaca3f0-61bd-4f16-bb4f-3becdf8b699a",
              "isHook": false,
              "skipped": false
            },
            {
              "title": "validate the superfast product card",
              "fullTitle": "bbt actions validate the superfast product card",
              "timedOut": null,
              "duration": 128,
              "state": "passed",
              "speed": "slow",
              "pass": true,
              "fail": false,
              "pending": false,
              "context": null,
              "code": "(0, _bbtActions.addBBTProductToBasket)();",
              "err": {},
              "uuid": "b90cb3e1-b60b-4d1d-8c46-c6e834c51269",
              "parentUUID": "bcaca3f0-61bd-4f16-bb4f-3becdf8b699a",
              "isHook": false,
              "skipped": false
            },
            {
              "title": "validate the boost product card",
              "fullTitle": "bbt actions validate the boost product card",
              "timedOut": null,
              "duration": 3029,
              "state": "passed",
              "speed": "slow",
              "pass": true,
              "fail": false,
              "pending": false,
              "context": null,
              "code": "(0, _bbtActions.validateBoostCard)();",
              "err": {},
              "uuid": "4a6b6cd1-5767-4b60-8ff2-99dcb5984961",
              "parentUUID": "bcaca3f0-61bd-4f16-bb4f-3becdf8b699a",
              "isHook": false,
              "skipped": false
            },
            {
              "title": "validate the talk product card",
              "fullTitle": "bbt actions validate the talk product card",
              "timedOut": null,
              "duration": 364,
              "state": "passed",
              "speed": "slow",
              "pass": true,
              "fail": false,
              "pending": false,
              "context": null,
              "code": "(0, _bbtActions.validateTalkProducts)();",
              "err": {},
              "uuid": "c95f0b82-abf3-4ce3-867d-a4ae87ce10fe",
              "parentUUID": "bcaca3f0-61bd-4f16-bb4f-3becdf8b699a",
              "isHook": false,
              "skipped": false
            },
            {
              "title": "navigate to order summary page",
              "fullTitle": "bbt actions navigate to order summary page",
              "timedOut": null,
              "duration": 223,
              "state": "passed",
              "speed": "slow",
              "pass": true,
              "fail": false,
              "pending": false,
              "context": null,
              "code": "(0, _bbtActions.pageNavigationCheckout)();",
              "err": {},
              "uuid": "3064e99b-6b0e-49c7-8fe9-1f9b1c8a5c93",
              "parentUUID": "bcaca3f0-61bd-4f16-bb4f-3becdf8b699a",
              "isHook": false,
              "skipped": false
            },
            {
              "title": "should enter customer details",
              "fullTitle": "bbt actions should enter customer details",
              "timedOut": null,
              "duration": 2878,
              "state": "passed",
              "speed": "slow",
              "pass": true,
              "fail": false,
              "pending": false,
              "context": null,
              "code": "(0, _bbtActions.fillCustomerDetails)('Rowan', 'Atkinson', '01-01-1970', '01234567890', 'rowan@sky.com');",
              "err": {},
              "uuid": "3a14e4d1-bd8e-4585-bc9c-197e91a13ac4",
              "parentUUID": "bcaca3f0-61bd-4f16-bb4f-3becdf8b699a",
              "isHook": false,
              "skipped": false
            },
            {
              "title": "should enter additional details",
              "fullTitle": "bbt actions should enter additional details",
              "timedOut": null,
              "duration": 4417,
              "state": "passed",
              "speed": "slow",
              "pass": true,
              "fail": false,
              "pending": false,
              "context": null,
              "code": "(0, _bbtActions.fillAdditionalDetails)();",
              "err": {},
              "uuid": "59994df7-d309-47f3-a4a8-24f6e320f487",
              "parentUUID": "bcaca3f0-61bd-4f16-bb4f-3becdf8b699a",
              "isHook": false,
              "skipped": false
            },
            {
              "title": "verify line items from order summary page",
              "fullTitle": "bbt actions verify line items from order summary page",
              "timedOut": null,
              "duration": 3200,
              "state": "passed",
              "speed": "slow",
              "pass": true,
              "fail": false,
              "pending": false,
              "context": null,
              "code": "(0, _bbtActions.validateOrderSummaryPage)();",
              "err": {},
              "uuid": "91bba0e9-557b-43ae-83ad-5fa332a1b099",
              "parentUUID": "bcaca3f0-61bd-4f16-bb4f-3becdf8b699a",
              "isHook": false,
              "skipped": false
            },
            {
              "title": "enter payment details and confirm the order",
              "fullTitle": "bbt actions enter payment details and confirm the order",
              "timedOut": null,
              "duration": 4326,
              "state": "passed",
              "speed": "slow",
              "pass": true,
              "fail": false,
              "pending": false,
              "context": null,
              "code": "(0, _bbtActions.enterPaymentDetails)();",
              "err": {},
              "uuid": "5f932fc3-84ea-4480-b3ba-67f97529020d",
              "parentUUID": "bcaca3f0-61bd-4f16-bb4f-3becdf8b699a",
              "isHook": false,
              "skipped": false
            },
            {
              "title": "verify order confirmation page",
              "fullTitle": "bbt actions verify order confirmation page",
              "timedOut": null,
              "duration": 53,
              "state": "passed",
              "speed": "medium",
              "pass": true,
              "fail": false,
              "pending": false,
              "context": null,
              "code": "(0, _bbtActions.validateOrderConfirmation)();",
              "err": {},
              "uuid": "78556600-4895-43d1-80a0-29b49db37117",
              "parentUUID": "bcaca3f0-61bd-4f16-bb4f-3becdf8b699a",
              "isHook": false,
              "skipped": false
            }
          ],
          "suites": [],
          "passes": [
            "cc0421df-aa6d-4bcc-9f7b-79f452c5ed9a",
            "74f48e85-8bf0-4fa9-a6af-9e662c0c8220",
            "5e8d9c65-79fd-4078-ba20-0b6f50731086",
            "b90cb3e1-b60b-4d1d-8c46-c6e834c51269",
            "4a6b6cd1-5767-4b60-8ff2-99dcb5984961",
            "c95f0b82-abf3-4ce3-867d-a4ae87ce10fe",
            "3064e99b-6b0e-49c7-8fe9-1f9b1c8a5c93",
            "3a14e4d1-bd8e-4585-bc9c-197e91a13ac4",
            "59994df7-d309-47f3-a4a8-24f6e320f487",
            "91bba0e9-557b-43ae-83ad-5fa332a1b099",
            "5f932fc3-84ea-4480-b3ba-67f97529020d",
            "78556600-4895-43d1-80a0-29b49db37117"
          ],
          "failures": [
            "72b02586-b3c3-4aff-9e8f-c0cbe1a9b84b"
          ],
          "pending": [],
          "skipped": [],
          "duration": 31508,
          "root": false,
          "rootEmpty": false,
          "_timeout": 2000
        }
      ],
      "passes": [],
      "failures": [],
      "pending": [],
      "skipped": [],
      "duration": 0,
      "root": true,
      "rootEmpty": true,
      "_timeout": 2000
    }
  ],
  "meta": {
    "mocha": {
      "version": "5.2.0"
    },
    "mochawesome": {
      "options": {
        "quiet": false,
        "reportFilename": "mochawesome",
        "saveHtml": true,
        "saveJson": true,
        "consoleReporter": "spec",
        "useInlineDiffs": false
      },
      "version": "4.1.0"
    },
    "marge": {
      "options": {
        "reportDir": "cypress/report/mochawesome-report",
        "overwrite": false,
        "html": true,
        "json": true,
        "timestamp": "mmddyyyy_HHMMss"
      },
      "version": "4.1.0"
    }
  }
}