{
  "stats": {
    "suites": 1,
    "tests": 13,
    "passes": 12,
    "pending": 0,
    "failures": 1,
    "start": "2020-01-09T11:36:39.519Z",
    "end": "2020-01-09T11:37:12.123Z",
    "duration": 32604,
    "testsRegistered": 13,
    "passPercent": 92.3076923076923,
    "pendingPercent": 0,
    "other": 0,
    "hasOther": false,
    "skipped": 0,
    "hasSkipped": false
  },
  "results": [
    {
      "uuid": "ae98a822-9ce1-408e-90f9-9c4f3a3a554e",
      "title": "",
      "fullFile": "",
      "file": "",
      "beforeHooks": [],
      "afterHooks": [],
      "tests": [],
      "suites": [
        {
          "uuid": "743bb9a9-614a-491e-9015-95631dacc347",
          "title": "bbt actions",
          "fullFile": "",
          "file": "",
          "beforeHooks": [],
          "afterHooks": [],
          "tests": [
            {
              "title": "should enter postcode and click checkNow",
              "fullTitle": "bbt actions should enter postcode and click checkNow",
              "timedOut": null,
              "duration": 6303,
              "state": "passed",
              "speed": "slow",
              "pass": true,
              "fail": false,
              "pending": false,
              "context": null,
              "code": "(0, _bbtActions.postcode)('BR32DJ');",
              "err": {},
              "uuid": "4b51861a-ac53-4eb7-93c5-124956b1058a",
              "parentUUID": "743bb9a9-614a-491e-9015-95631dacc347",
              "isHook": false,
              "skipped": false
            },
            {
              "title": "should select address and continue",
              "fullTitle": "bbt actions should select address and continue",
              "timedOut": null,
              "duration": 859,
              "state": "passed",
              "speed": "slow",
              "pass": true,
              "fail": false,
              "pending": false,
              "context": null,
              "code": "(0, _bbtActions.selectAddress)();",
              "err": {},
              "uuid": "3101c019-854a-410c-840f-f3c96786e7b0",
              "parentUUID": "743bb9a9-614a-491e-9015-95631dacc347",
              "isHook": false,
              "skipped": false
            },
            {
              "title": "should select address status",
              "fullTitle": "bbt actions should select address status",
              "timedOut": null,
              "duration": 4543,
              "state": "failed",
              "speed": null,
              "pass": false,
              "fail": true,
              "pending": false,
              "context": null,
              "code": "(0, _bbtActions.customerAddressStatus)();",
              "err": {
                "message": "CypressError: Timed out retrying: Expected to find element: ':nth-child(2) > .c-form-checkbox__caption', but never found it.",
                "estack": "CypressError: Timed out retrying: Expected to find element: ':nth-child(2) > .c-form-checkbox__caption', but never found it.\n    at Object.cypressErr (https://pages-apps-e02.cf.dev-paas.bskyb.com/__cypress/runner/cypress_runner.js:106136:11)\n    at Object.throwErr (https://pages-apps-e02.cf.dev-paas.bskyb.com/__cypress/runner/cypress_runner.js:106091:18)\n    at Object.throwErrByPath (https://pages-apps-e02.cf.dev-paas.bskyb.com/__cypress/runner/cypress_runner.js:106123:17)\n    at retry (https://pages-apps-e02.cf.dev-paas.bskyb.com/__cypress/runner/cypress_runner.js:96804:16)\n    at onFailFn (https://pages-apps-e02.cf.dev-paas.bskyb.com/__cypress/runner/cypress_runner.js:85633:16)\n    at tryCatcher (https://pages-apps-e02.cf.dev-paas.bskyb.com/__cypress/runner/cypress_runner.js:140400:23)\n    at Promise._settlePromiseFromHandler (https://pages-apps-e02.cf.dev-paas.bskyb.com/__cypress/runner/cypress_runner.js:138336:31)\n    at Promise._settlePromise (https://pages-apps-e02.cf.dev-paas.bskyb.com/__cypress/runner/cypress_runner.js:138393:18)\n    at Promise._settlePromise0 (https://pages-apps-e02.cf.dev-paas.bskyb.com/__cypress/runner/cypress_runner.js:138438:10)\n    at Promise._settlePromises (https://pages-apps-e02.cf.dev-paas.bskyb.com/__cypress/runner/cypress_runner.js:138513:18)\n    at Async../node_modules/bluebird/js/release/async.js.Async._drainQueue (https://pages-apps-e02.cf.dev-paas.bskyb.com/__cypress/runner/cypress_runner.js:135125:16)\n    at Async../node_modules/bluebird/js/release/async.js.Async._drainQueues (https://pages-apps-e02.cf.dev-paas.bskyb.com/__cypress/runner/cypress_runner.js:135135:10)\n    at Async.drainQueues (https://pages-apps-e02.cf.dev-paas.bskyb.com/__cypress/runner/cypress_runner.js:135009:14)",
                "diff": null
              },
              "uuid": "8f21503d-6030-49e7-a5b3-ec73f27c76e1",
              "parentUUID": "743bb9a9-614a-491e-9015-95631dacc347",
              "isHook": false,
              "skipped": false
            },
            {
              "title": "validate the superfast product card",
              "fullTitle": "bbt actions validate the superfast product card",
              "timedOut": null,
              "duration": 103,
              "state": "passed",
              "speed": "slow",
              "pass": true,
              "fail": false,
              "pending": false,
              "context": null,
              "code": "(0, _bbtActions.validateSuperfastCard)();",
              "err": {},
              "uuid": "ab2542dd-e184-4308-9cb6-b4109c6e00be",
              "parentUUID": "743bb9a9-614a-491e-9015-95631dacc347",
              "isHook": false,
              "skipped": false
            },
            {
              "title": "validate the superfast product card",
              "fullTitle": "bbt actions validate the superfast product card",
              "timedOut": null,
              "duration": 125,
              "state": "passed",
              "speed": "slow",
              "pass": true,
              "fail": false,
              "pending": false,
              "context": null,
              "code": "(0, _bbtActions.addBBTProductToBasket)();",
              "err": {},
              "uuid": "709c57b1-817a-48ce-a44e-d53f45f41af8",
              "parentUUID": "743bb9a9-614a-491e-9015-95631dacc347",
              "isHook": false,
              "skipped": false
            },
            {
              "title": "validate the boost product card",
              "fullTitle": "bbt actions validate the boost product card",
              "timedOut": null,
              "duration": 2497,
              "state": "passed",
              "speed": "slow",
              "pass": true,
              "fail": false,
              "pending": false,
              "context": null,
              "code": "(0, _bbtActions.validateBoostCard)();",
              "err": {},
              "uuid": "fab24dbd-aecb-461b-b162-93188658b0b8",
              "parentUUID": "743bb9a9-614a-491e-9015-95631dacc347",
              "isHook": false,
              "skipped": false
            },
            {
              "title": "validate the talk product card",
              "fullTitle": "bbt actions validate the talk product card",
              "timedOut": null,
              "duration": 482,
              "state": "passed",
              "speed": "slow",
              "pass": true,
              "fail": false,
              "pending": false,
              "context": null,
              "code": "(0, _bbtActions.validateTalkProducts)();",
              "err": {},
              "uuid": "f2b3b5cb-388c-4fd0-9c42-21d729b2627b",
              "parentUUID": "743bb9a9-614a-491e-9015-95631dacc347",
              "isHook": false,
              "skipped": false
            },
            {
              "title": "navigate to order summary page",
              "fullTitle": "bbt actions navigate to order summary page",
              "timedOut": null,
              "duration": 148,
              "state": "passed",
              "speed": "slow",
              "pass": true,
              "fail": false,
              "pending": false,
              "context": null,
              "code": "(0, _bbtActions.pageNavigationCheckout)();",
              "err": {},
              "uuid": "1b729bcf-f8f0-4c13-9539-765761dca65d",
              "parentUUID": "743bb9a9-614a-491e-9015-95631dacc347",
              "isHook": false,
              "skipped": false
            },
            {
              "title": "should enter customer details",
              "fullTitle": "bbt actions should enter customer details",
              "timedOut": null,
              "duration": 2850,
              "state": "passed",
              "speed": "slow",
              "pass": true,
              "fail": false,
              "pending": false,
              "context": null,
              "code": "(0, _bbtActions.fillCustomerDetails)('Rowan', 'Atkinson', '01-01-1970', '01234567890', 'rowan@sky.com');",
              "err": {},
              "uuid": "84cc2b32-3144-4210-b2df-0129af34d1ec",
              "parentUUID": "743bb9a9-614a-491e-9015-95631dacc347",
              "isHook": false,
              "skipped": false
            },
            {
              "title": "should enter additional details",
              "fullTitle": "bbt actions should enter additional details",
              "timedOut": null,
              "duration": 4373,
              "state": "passed",
              "speed": "slow",
              "pass": true,
              "fail": false,
              "pending": false,
              "context": null,
              "code": "(0, _bbtActions.fillAdditionalDetails)();",
              "err": {},
              "uuid": "ae960672-5765-42eb-9db3-660e3e03d55c",
              "parentUUID": "743bb9a9-614a-491e-9015-95631dacc347",
              "isHook": false,
              "skipped": false
            },
            {
              "title": "verify line items from order summary page",
              "fullTitle": "bbt actions verify line items from order summary page",
              "timedOut": null,
              "duration": 3212,
              "state": "passed",
              "speed": "slow",
              "pass": true,
              "fail": false,
              "pending": false,
              "context": null,
              "code": "(0, _bbtActions.validateOrderSummaryPage)();",
              "err": {},
              "uuid": "5a215536-6ca8-46b8-ae82-7a5b63a24ce0",
              "parentUUID": "743bb9a9-614a-491e-9015-95631dacc347",
              "isHook": false,
              "skipped": false
            },
            {
              "title": "enter payment details and confirm the order",
              "fullTitle": "bbt actions enter payment details and confirm the order",
              "timedOut": null,
              "duration": 4615,
              "state": "passed",
              "speed": "slow",
              "pass": true,
              "fail": false,
              "pending": false,
              "context": null,
              "code": "(0, _bbtActions.enterPaymentDetails)();",
              "err": {},
              "uuid": "3f1778e3-ff52-4340-9cda-4ea2732cdc5e",
              "parentUUID": "743bb9a9-614a-491e-9015-95631dacc347",
              "isHook": false,
              "skipped": false
            },
            {
              "title": "verify order confirmation page",
              "fullTitle": "bbt actions verify order confirmation page",
              "timedOut": null,
              "duration": 44,
              "state": "passed",
              "speed": "medium",
              "pass": true,
              "fail": false,
              "pending": false,
              "context": null,
              "code": "(0, _bbtActions.validateOrderConfirmation)();",
              "err": {},
              "uuid": "22d5c968-2944-459e-a7de-551da3a09d81",
              "parentUUID": "743bb9a9-614a-491e-9015-95631dacc347",
              "isHook": false,
              "skipped": false
            }
          ],
          "suites": [],
          "passes": [
            "4b51861a-ac53-4eb7-93c5-124956b1058a",
            "3101c019-854a-410c-840f-f3c96786e7b0",
            "ab2542dd-e184-4308-9cb6-b4109c6e00be",
            "709c57b1-817a-48ce-a44e-d53f45f41af8",
            "fab24dbd-aecb-461b-b162-93188658b0b8",
            "f2b3b5cb-388c-4fd0-9c42-21d729b2627b",
            "1b729bcf-f8f0-4c13-9539-765761dca65d",
            "84cc2b32-3144-4210-b2df-0129af34d1ec",
            "ae960672-5765-42eb-9db3-660e3e03d55c",
            "5a215536-6ca8-46b8-ae82-7a5b63a24ce0",
            "3f1778e3-ff52-4340-9cda-4ea2732cdc5e",
            "22d5c968-2944-459e-a7de-551da3a09d81"
          ],
          "failures": [
            "8f21503d-6030-49e7-a5b3-ec73f27c76e1"
          ],
          "pending": [],
          "skipped": [],
          "duration": 30154,
          "root": false,
          "rootEmpty": false,
          "_timeout": 2000
        }
      ],
      "passes": [],
      "failures": [],
      "pending": [],
      "skipped": [],
      "duration": 0,
      "root": true,
      "rootEmpty": true,
      "_timeout": 2000
    }
  ],
  "meta": {
    "mocha": {
      "version": "5.2.0"
    },
    "mochawesome": {
      "options": {
        "quiet": false,
        "reportFilename": "mochawesome",
        "saveHtml": false,
        "saveJson": true,
        "consoleReporter": "spec",
        "useInlineDiffs": false
      },
      "version": "4.1.0"
    },
    "marge": {
      "options": {
        "reportDir": "cypress/report/mochawesome-report",
        "overwrite": false,
        "html": false,
        "json": true,
        "timestamp": "mmddyyyy_HHMMss"
      },
      "version": "4.1.0"
    }
  }
}